Arguments: 
  C:\Program Files\nodejs\node.exe C:\Users\Josh\AppData\Roaming\npm\node_modules\yarn\bin\yarn.js

PATH: 
  C:\Program Files\Common Files\Oracle\Java\javapath;C:\Program Files (x86)\ActiveState Komodo Edit 12\;C:\Program Files (x86)\Common Files\Oracle\Java\javapath;C:\Windows\system32;C:\Windows;C:\Windows\System32\Wbem;C:\Windows\System32\WindowsPowerShell\v1.0\;C:\Windows\System32\OpenSSH\;C:\ProgramData\chocolatey\bin;C:\Program Files\Docker\Docker\resources\bin;C:\ProgramData\DockerDesktop\version-bin;C:\Program Files\Git\cmd;C:\xampp\php;C:\ProgramData\ComposerSetup\bin;C:\Windows\system32\config\systemprofile\AppData\Roaming\Composer\vendor\bin;C:\Windows\system32\config\systemprofile\.dnx\bin;C:\Program Files\Microsoft DNX\Dnvm\;C:\Program Files\Microsoft SQL Server\120\Tools\Binn\;C:\Program Files\OpenSSL-Win64\bin;C:\Program Files\Go\bin;C:\Program Files\VSCodium\bin;C:\Program Files\dotnet\;C:\Users\Josh\AppData\Local\Android\sdk\platform-tools;"C:\Users\Josh\AppData\Local\Android\sdk\platform-tools;";C:\Program Files\Java\jdk-17.0.2\bin;C:\Users\Josh\AppData\Roaming\nvm;C:\Program Files\nodejs;C:\Users\Josh\AppData\Local\Programs\Python\Python310\Scripts\;C:\Users\Josh\AppData\Local\Programs\Python\Python310\;C:\Users\Josh\AppData\Local\Programs\Python\Python39\Scripts\;C:\Users\Josh\AppData\Local\Programs\Python\Python39\;C:\Users\Josh\AppData\Local\Programs\Python\Python38\Scripts\;C:\Users\Josh\AppData\Local\Programs\Python\Python38\;C:\Users\Josh\AppData\Local\Microsoft\WindowsApps;C:\Users\Josh\AppData\Roaming\npm;C:\Users\Josh\AppData\Local\atom\bin;C:\Users\Josh\AppData\Roaming\Composer\vendor\bin;C:\Users\Josh\go\bin;C:\Program Files\JetBrains\PyCharm Community Edition 2021.3.1\bin;;C:\Program Files\JetBrains\WebStorm 2019.1\bin;;C:\Users\Josh\.dotnet\tools;C:\Users\Josh\AppData\Roaming\nvm;C:\Program Files\nodejs;C:\Users\Josh\AppData\Local\Programs\Microsoft VS Code\bin

Yarn version: 
  1.22.17

Node version: 
  16.14.0

Platform: 
  win32 x64

Trace: 
  Error: getaddrinfo ENOTFOUND registry.yarnpkg.com
      at GetAddrInfoReqWrap.onlookup [as oncomplete] (node:dns:71:26)

npm manifest: 
  {
    "name": "container",
    "version": "1.0.0",
    "description": "",
    "main": "index.js",
    "scripts": {
      "test": "echo \"Error: no test specified\" && exit 1",
      "start": "webpack serve"
    },
    "keywords": [],
    "author": "",
    "license": "ISC",
    "dependencies": {
      "html-webpack-plugin": "^5.5.0",
      "install": "^0.13.0",
      "nodemon": "^2.0.15",
      "npm": "^8.6.0",
      "webpack": "^5.68.0",
      "webpack-cli": "^4.9.2",
      "webpack-dev-server": "^4.7.4"
    }
  }

yarn manifest: 
  No manifest

Lockfile: 
  No lockfile
